[35m[1mConsolidate compiler generated dependencies of target cpp_exe[0m
[  0%] Built target ament_cmake_python_copy_cpp_pubNode
[ 50%] [32mBuilding CXX object CMakeFiles/cpp_exe.dir/src/cpp_node.cpp.o[0m
running egg_info
writing cpp_pubNode.egg-info/PKG-INFO
writing dependency_links to cpp_pubNode.egg-info/dependency_links.txt
writing top-level names to cpp_pubNode.egg-info/top_level.txt
reading manifest file 'cpp_pubNode.egg-info/SOURCES.txt'
writing manifest file 'cpp_pubNode.egg-info/SOURCES.txt'
[ 50%] Built target ament_cmake_python_build_cpp_pubNode_egg
[100%] [32m[1mLinking CXX executable cpp_exe[0m
[100%] Built target cpp_exe
-- Install configuration: ""
-- Installing: /home/adone/ros2_ws/src/install/cpp_pubNode/lib/cpp_pubNode/cpp_exe
-- Set runtime path of "/home/adone/ros2_ws/src/install/cpp_pubNode/lib/cpp_pubNode/cpp_exe" to ""
-- Installing: /home/adone/ros2_ws/src/install/cpp_pubNode/share/cpp_pubNode/environment/pythonpath.sh
-- Installing: /home/adone/ros2_ws/src/install/cpp_pubNode/share/cpp_pubNode/environment/pythonpath.dsv
-- Installing: /home/adone/ros2_ws/src/install/cpp_pubNode/local/lib/python3.10/dist-packages/cpp_pubNode-0.0.0-py3.10.egg-info
-- Installing: /home/adone/ros2_ws/src/install/cpp_pubNode/local/lib/python3.10/dist-packages/cpp_pubNode-0.0.0-py3.10.egg-info/SOURCES.txt
-- Installing: /home/adone/ros2_ws/src/install/cpp_pubNode/local/lib/python3.10/dist-packages/cpp_pubNode-0.0.0-py3.10.egg-info/dependency_links.txt
-- Installing: /home/adone/ros2_ws/src/install/cpp_pubNode/local/lib/python3.10/dist-packages/cpp_pubNode-0.0.0-py3.10.egg-info/PKG-INFO
-- Installing: /home/adone/ros2_ws/src/install/cpp_pubNode/local/lib/python3.10/dist-packages/cpp_pubNode-0.0.0-py3.10.egg-info/top_level.txt
-- Installing: /home/adone/ros2_ws/src/install/cpp_pubNode/local/lib/python3.10/dist-packages/cpp_pubNode
-- Installing: /home/adone/ros2_ws/src/install/cpp_pubNode/local/lib/python3.10/dist-packages/cpp_pubNode/module_to_import.py
-- Installing: /home/adone/ros2_ws/src/install/cpp_pubNode/local/lib/python3.10/dist-packages/cpp_pubNode/__init__.py
Listing '/home/adone/ros2_ws/src/install/cpp_pubNode/local/lib/python3.10/dist-packages/cpp_pubNode'...
Compiling '/home/adone/ros2_ws/src/install/cpp_pubNode/local/lib/python3.10/dist-packages/cpp_pubNode/__init__.py'...
Compiling '/home/adone/ros2_ws/src/install/cpp_pubNode/local/lib/python3.10/dist-packages/cpp_pubNode/module_to_import.py'...
-- Installing: /home/adone/ros2_ws/src/install/cpp_pubNode/lib/cpp_pubNode/py_node.py
-- Installing: /home/adone/ros2_ws/src/install/cpp_pubNode/share/ament_index/resource_index/package_run_dependencies/cpp_pubNode
-- Installing: /home/adone/ros2_ws/src/install/cpp_pubNode/share/ament_index/resource_index/parent_prefix_path/cpp_pubNode
-- Installing: /home/adone/ros2_ws/src/install/cpp_pubNode/share/cpp_pubNode/environment/ament_prefix_path.sh
-- Installing: /home/adone/ros2_ws/src/install/cpp_pubNode/share/cpp_pubNode/environment/ament_prefix_path.dsv
-- Installing: /home/adone/ros2_ws/src/install/cpp_pubNode/share/cpp_pubNode/environment/path.sh
-- Installing: /home/adone/ros2_ws/src/install/cpp_pubNode/share/cpp_pubNode/environment/path.dsv
-- Installing: /home/adone/ros2_ws/src/install/cpp_pubNode/share/cpp_pubNode/local_setup.bash
-- Installing: /home/adone/ros2_ws/src/install/cpp_pubNode/share/cpp_pubNode/local_setup.sh
-- Installing: /home/adone/ros2_ws/src/install/cpp_pubNode/share/cpp_pubNode/local_setup.zsh
-- Installing: /home/adone/ros2_ws/src/install/cpp_pubNode/share/cpp_pubNode/local_setup.dsv
-- Installing: /home/adone/ros2_ws/src/install/cpp_pubNode/share/cpp_pubNode/package.dsv
-- Installing: /home/adone/ros2_ws/src/install/cpp_pubNode/share/ament_index/resource_index/packages/cpp_pubNode
-- Installing: /home/adone/ros2_ws/src/install/cpp_pubNode/share/cpp_pubNode/cmake/cpp_pubNodeConfig.cmake
-- Installing: /home/adone/ros2_ws/src/install/cpp_pubNode/share/cpp_pubNode/cmake/cpp_pubNodeConfig-version.cmake
-- Installing: /home/adone/ros2_ws/src/install/cpp_pubNode/share/cpp_pubNode/package.xml
