[0.009s] Invoking command in '/home/adone/ros2_ws/src/build/cpp_pubNode': CMAKE_PREFIX_PATH=/opt/ros/humble /usr/bin/cmake /home/adone/ros2_ws/src/cpp_pubNode -DCMAKE_INSTALL_PREFIX=/home/adone/ros2_ws/src/install/cpp_pubNode
[0.195s] -- The C compiler identification is GNU 11.4.0
[0.327s] -- The CXX compiler identification is GNU 11.4.0
[0.341s] -- Detecting C compiler ABI info
[0.418s] -- Detecting C compiler ABI info - done
[0.425s] -- Check for working C compiler: /usr/bin/cc - skipped
[0.426s] -- Detecting C compile features
[0.427s] -- Detecting C compile features - done
[0.432s] -- Detecting CXX compiler ABI info
[0.514s] -- Detecting CXX compiler ABI info - done
[0.521s] -- Check for working CXX compiler: /usr/bin/c++ - skipped
[0.522s] -- Detecting CXX compile features
[0.522s] -- Detecting CXX compile features - done
[0.527s] -- Found ament_cmake: 1.3.10 (/opt/ros/humble/share/ament_cmake/cmake)
[0.666s] -- Found Python3: /usr/bin/python3 (found version "3.10.12") found components: Interpreter 
[0.769s] -- Found rclcpp: 16.0.10 (/opt/ros/humble/share/rclcpp/cmake)
[0.869s] -- Found rosidl_generator_c: 3.1.5 (/opt/ros/humble/share/rosidl_generator_c/cmake)
[0.876s] -- Found rosidl_adapter: 3.1.5 (/opt/ros/humble/share/rosidl_adapter/cmake)
[0.891s] -- Found rosidl_generator_cpp: 3.1.5 (/opt/ros/humble/share/rosidl_generator_cpp/cmake)
[0.917s] -- Using all available rosidl_typesupport_c: rosidl_typesupport_fastrtps_c;rosidl_typesupport_introspection_c
[0.940s] -- Using all available rosidl_typesupport_cpp: rosidl_typesupport_fastrtps_cpp;rosidl_typesupport_introspection_cpp
[1.021s] -- Found rmw_implementation_cmake: 6.1.2 (/opt/ros/humble/share/rmw_implementation_cmake/cmake)
[1.026s] -- Found rmw_fastrtps_cpp: 6.2.7 (/opt/ros/humble/share/rmw_fastrtps_cpp/cmake)
[1.131s] -- Found OpenSSL: /usr/lib/x86_64-linux-gnu/libcrypto.so (found version "3.0.2")  
[1.158s] -- Found FastRTPS: /opt/ros/humble/include  
[1.192s] -- Using RMW implementation 'rmw_fastrtps_cpp' as default
[1.205s] -- Looking for pthread.h
[1.276s] -- Looking for pthread.h - found
[1.276s] -- Performing Test CMAKE_HAVE_LIBC_PTHREAD
[1.356s] -- Performing Test CMAKE_HAVE_LIBC_PTHREAD - Success
[1.358s] -- Found Threads: TRUE  
[1.449s] -- Found rclpy: 3.3.14 (/opt/ros/humble/share/rclpy/cmake)
[1.449s] [31mCMake Error at /opt/ros/humble/share/ament_cmake_target_dependencies/cmake/ament_target_dependencies.cmake:77 (message):
[1.449s]   ament_target_dependencies() the passed package name 'rclpp' was not found
[1.449s]   before
[1.449s] Call Stack (most recent call first):
[1.449s]   CMakeLists.txt:21 (ament_target_dependencies)
[1.449s] 
[1.449s] [0m
[1.449s] -- Configuring incomplete, errors occurred!
[1.450s] See also "/home/adone/ros2_ws/src/build/cpp_pubNode/CMakeFiles/CMakeOutput.log".
[1.459s] Invoked command in '/home/adone/ros2_ws/src/build/cpp_pubNode' returned '1': CMAKE_PREFIX_PATH=/opt/ros/humble /usr/bin/cmake /home/adone/ros2_ws/src/cpp_pubNode -DCMAKE_INSTALL_PREFIX=/home/adone/ros2_ws/src/install/cpp_pubNode
